[ 2016-08-17T14:13:59+08:00 ] ::1 /monitor/index.php/Home/Index/index
INFO: [ app_init ] --START--
INFO: Run Behavior\BuildLiteBehavior [ RunTime:0.000020s ]
INFO: [ app_init ] --END-- [ RunTime:0.001086s ]
INFO: [ app_begin ] --START--
INFO: Run Behavior\ReadHtmlCacheBehavior [ RunTime:0.012388s ]
INFO: [ app_begin ] --END-- [ RunTime:0.012525s ]

[ 2016-08-17T14:14:01+08:00 ] ::1 /monitor/home/index/login
INFO: [ app_init ] --START--
INFO: Run Behavior\BuildLiteBehavior [ RunTime:0.000023s ]
INFO: [ app_init ] --END-- [ RunTime:0.000147s ]
INFO: [ app_begin ] --START--
INFO: Run Behavior\ReadHtmlCacheBehavior [ RunTime:0.000070s ]
INFO: [ app_begin ] --END-- [ RunTime:0.000163s ]
INFO: [ view_parse ] --START--
INFO: [ template_filter ] --START--
INFO: Run Behavior\ContentReplaceBehavior [ RunTime:0.000065s ]
INFO: [ template_filter ] --END-- [ RunTime:0.000137s ]
INFO: Run Behavior\ParseTemplateBehavior [ RunTime:0.187171s ]
INFO: [ view_parse ] --END-- [ RunTime:0.187261s ]
INFO: [ view_filter ] --START--
INFO: Run Behavior\WriteHtmlCacheBehavior [ RunTime:0.013788s ]
INFO: [ view_filter ] --END-- [ RunTime:0.013874s ]
INFO: [ app_end ] --START--
INFO: Run Behavior\ShowPageTraceBehavior [ RunTime:0.010099s ]
INFO: [ app_end ] --END-- [ RunTime:0.010191s ]

[ 2016-08-17T14:14:01+08:00 ] ::1 /monitor/index.php/Home/Index/chkimg
INFO: [ app_init ] --START--
INFO: Run Behavior\BuildLiteBehavior [ RunTime:0.000020s ]
INFO: [ app_init ] --END-- [ RunTime:0.000153s ]
INFO: [ app_begin ] --START--
INFO: Run Behavior\ReadHtmlCacheBehavior [ RunTime:0.000056s ]
INFO: [ app_begin ] --END-- [ RunTime:0.000125s ]
INFO: [ app_end ] --START--
INFO: Run Behavior\ShowPageTraceBehavior [ RunTime:0.000078s ]
INFO: [ app_end ] --END-- [ RunTime:0.000165s ]

[ 2016-08-17T14:14:05+08:00 ] ::1 /monitor/index.php/Home/Index/chkimg/0.7893664558094915
INFO: [ app_init ] --START--
INFO: Run Behavior\BuildLiteBehavior [ RunTime:0.000024s ]
INFO: [ app_init ] --END-- [ RunTime:0.000163s ]
INFO: [ app_begin ] --START--
INFO: Run Behavior\ReadHtmlCacheBehavior [ RunTime:0.000075s ]
INFO: [ app_begin ] --END-- [ RunTime:0.000176s ]
INFO: [ app_end ] --START--
INFO: Run Behavior\ShowPageTraceBehavior [ RunTime:0.000070s ]
INFO: [ app_end ] --END-- [ RunTime:0.000141s ]

[ 2016-08-17T14:14:13+08:00 ] ::1 /monitor/index.php/Home/Index/chklogin
INFO: [ app_init ] --START--
INFO: Run Behavior\BuildLiteBehavior [ RunTime:0.000062s ]
INFO: [ app_init ] --END-- [ RunTime:0.000257s ]
INFO: [ app_begin ] --START--
INFO: Run Behavior\ReadHtmlCacheBehavior [ RunTime:0.000066s ]
INFO: [ app_begin ] --END-- [ RunTime:0.000169s ]
INFO: [ app_end ] --START--
INFO: Run Behavior\ShowPageTraceBehavior [ RunTime:0.000084s ]
INFO: [ app_end ] --END-- [ RunTime:0.000203s ]

[ 2016-08-17T14:14:13+08:00 ] ::1 /monitor/index.php/Home/Index/index
INFO: [ app_init ] --START--
INFO: Run Behavior\BuildLiteBehavior [ RunTime:0.000028s ]
INFO: [ app_init ] --END-- [ RunTime:0.000178s ]
INFO: [ app_begin ] --START--
INFO: Run Behavior\ReadHtmlCacheBehavior [ RunTime:0.000073s ]
INFO: [ app_begin ] --END-- [ RunTime:0.000190s ]
SQL: select * from cont_conf order by item_id [ RunTime:0.0420s ]
SQL: select item1_conf.id as item1_id,item1_conf.item1_num,item1_conf.item1_title,item1_chan,item2_conf.id,item2_conf.item2_title,item2_conf.item2_num,item2_chan from item1_conf left join item2_conf on item2_conf.item1_num=item1_conf.item1_num order by item1_conf.item1_num asc,item2_conf.item2_num asc [ RunTime:0.0089s ]
NOTIC: [8] Undefined offset: 5 /var/www/html/monitor/Application/Home/Controller/IndexController.class.php 第 15 行.
NOTIC: [8] Undefined variable: items2 /var/www/html/monitor/Application/Home/Controller/IndexController.class.php 第 36 行.
NOTIC: [8] Undefined offset: 4 /var/www/html/monitor/Application/Home/Controller/IndexController.class.php 第 36 行.
INFO: [ view_parse ] --START--
INFO: [ template_filter ] --START--
INFO: Run Behavior\ContentReplaceBehavior [ RunTime:0.000142s ]
INFO: [ template_filter ] --END-- [ RunTime:0.000247s ]
NOTIC: [8] Undefined offset: 1 /var/www/html/monitor/Application/Runtime/Cache/Home/2a94b8bda04ff446dcedd42276fc99ee.php 第 249 行.
NOTIC: [8] Undefined offset: 4 /var/www/html/monitor/Application/Runtime/Cache/Home/2a94b8bda04ff446dcedd42276fc99ee.php 第 249 行.
INFO: Run Behavior\ParseTemplateBehavior [ RunTime:0.011394s ]
INFO: [ view_parse ] --END-- [ RunTime:0.011476s ]
INFO: [ view_filter ] --START--
INFO: Run Behavior\WriteHtmlCacheBehavior [ RunTime:0.000108s ]
INFO: [ view_filter ] --END-- [ RunTime:0.000174s ]
INFO: [ app_end ] --START--
INFO: Run Behavior\ShowPageTraceBehavior [ RunTime:0.000067s ]
INFO: [ app_end ] --END-- [ RunTime:0.000157s ]

[ 2016-08-17T14:14:17+08:00 ] ::1 /monitor/index.php/Home/Index/foritems2
INFO: [ app_init ] --START--
INFO: Run Behavior\BuildLiteBehavior [ RunTime:0.000024s ]
INFO: [ app_init ] --END-- [ RunTime:0.000232s ]
INFO: [ app_begin ] --START--
INFO: Run Behavior\ReadHtmlCacheBehavior [ RunTime:0.000057s ]
INFO: [ app_begin ] --END-- [ RunTime:0.000133s ]
SQL: select * from cont_conf order by item_id [ RunTime:0.0002s ]
SQL: select item1_conf.id as item1_id,item1_conf.item1_num,item1_conf.item1_title,item1_chan,item2_conf.id,item2_conf.item2_title,item2_conf.item2_num,item2_chan from item1_conf left join item2_conf on item2_conf.item1_num=item1_conf.item1_num order by item1_conf.item1_num asc,item2_conf.item2_num asc [ RunTime:0.0001s ]
NOTIC: [8] Undefined offset: 5 /var/www/html/monitor/Application/Home/Controller/IndexController.class.php 第 15 行.
NOTIC: [8] Undefined variable: items2 /var/www/html/monitor/Application/Home/Controller/IndexController.class.php 第 36 行.
NOTIC: [8] Undefined offset: 4 /var/www/html/monitor/Application/Home/Controller/IndexController.class.php 第 36 行.
NOTIC: [8] Undefined offset: 1 /var/www/html/monitor/Application/Home/Controller/IndexController.class.php 第 113 行.
NOTIC: [8] Undefined offset: 7 /var/www/html/monitor/Application/Home/Controller/IndexController.class.php 第 133 行.
NOTIC: [8] Undefined variable: datafrom /var/www/html/monitor/Application/Home/Controller/IndexController.class.php 第 136 行.
NOTIC: [8] Undefined variable: tbbody /var/www/html/monitor/Application/Home/Controller/IndexController.class.php 第 136 行.
NOTIC: [8] Undefined offset: 13 /var/www/html/monitor/Application/Home/Controller/IndexController.class.php 第 123 行.
NOTIC: [8] Undefined offset: 4 /var/www/html/monitor/Application/Home/Controller/IndexController.class.php 第 113 行.
NOTIC: [8] Undefined offset: 6 /var/www/html/monitor/Application/Home/Controller/IndexController.class.php 第 133 行.
NOTIC: [8] Undefined offset: 6 /var/www/html/monitor/Application/Home/Controller/IndexController.class.php 第 123 行.

[ 2016-08-17T14:14:22+08:00 ] ::1 /monitor/index.php/Home/Index/foritems2
INFO: [ app_init ] --START--
INFO: Run Behavior\BuildLiteBehavior [ RunTime:0.000030s ]
INFO: [ app_init ] --END-- [ RunTime:0.000250s ]
INFO: [ app_begin ] --START--
INFO: Run Behavior\ReadHtmlCacheBehavior [ RunTime:0.000088s ]
INFO: [ app_begin ] --END-- [ RunTime:0.000201s ]
SQL: select * from cont_conf order by item_id [ RunTime:0.0002s ]
SQL: select item1_conf.id as item1_id,item1_conf.item1_num,item1_conf.item1_title,item1_chan,item2_conf.id,item2_conf.item2_title,item2_conf.item2_num,item2_chan from item1_conf left join item2_conf on item2_conf.item1_num=item1_conf.item1_num order by item1_conf.item1_num asc,item2_conf.item2_num asc [ RunTime:0.0001s ]
NOTIC: [8] Undefined offset: 5 /var/www/html/monitor/Application/Home/Controller/IndexController.class.php 第 15 行.
NOTIC: [8] Undefined variable: items2 /var/www/html/monitor/Application/Home/Controller/IndexController.class.php 第 36 行.
NOTIC: [8] Undefined offset: 4 /var/www/html/monitor/Application/Home/Controller/IndexController.class.php 第 36 行.
SQL: select id,cont_sec,cont_title,cont_var from cont_conf where item_id=4 order by cont_sec [ RunTime:0.0005s ]
SQL: select * from item_2_4 [ RunTime:0.0631s ]

[ 2016-08-17T14:14:28+08:00 ] ::1 /monitor/index.php/Home/Index/foritems2
INFO: [ app_init ] --START--
INFO: Run Behavior\BuildLiteBehavior [ RunTime:0.000040s ]
INFO: [ app_init ] --END-- [ RunTime:0.000314s ]
INFO: [ app_begin ] --START--
INFO: Run Behavior\ReadHtmlCacheBehavior [ RunTime:0.000114s ]
INFO: [ app_begin ] --END-- [ RunTime:0.000270s ]
SQL: select * from cont_conf order by item_id [ RunTime:0.0002s ]
SQL: select item1_conf.id as item1_id,item1_conf.item1_num,item1_conf.item1_title,item1_chan,item2_conf.id,item2_conf.item2_title,item2_conf.item2_num,item2_chan from item1_conf left join item2_conf on item2_conf.item1_num=item1_conf.item1_num order by item1_conf.item1_num asc,item2_conf.item2_num asc [ RunTime:0.0002s ]
NOTIC: [8] Undefined offset: 5 /var/www/html/monitor/Application/Home/Controller/IndexController.class.php 第 15 行.
NOTIC: [8] Undefined variable: items2 /var/www/html/monitor/Application/Home/Controller/IndexController.class.php 第 36 行.
NOTIC: [8] Undefined offset: 4 /var/www/html/monitor/Application/Home/Controller/IndexController.class.php 第 36 行.
NOTIC: [8] Undefined offset: 1 /var/www/html/monitor/Application/Home/Controller/IndexController.class.php 第 113 行.
NOTIC: [8] Undefined offset: 7 /var/www/html/monitor/Application/Home/Controller/IndexController.class.php 第 133 行.
NOTIC: [8] Undefined variable: datafrom /var/www/html/monitor/Application/Home/Controller/IndexController.class.php 第 136 行.
NOTIC: [8] Undefined variable: tbbody /var/www/html/monitor/Application/Home/Controller/IndexController.class.php 第 136 行.
NOTIC: [8] Undefined offset: 13 /var/www/html/monitor/Application/Home/Controller/IndexController.class.php 第 123 行.
NOTIC: [8] Undefined offset: 4 /var/www/html/monitor/Application/Home/Controller/IndexController.class.php 第 113 行.
NOTIC: [8] Undefined offset: 6 /var/www/html/monitor/Application/Home/Controller/IndexController.class.php 第 133 行.
NOTIC: [8] Undefined offset: 6 /var/www/html/monitor/Application/Home/Controller/IndexController.class.php 第 123 行.

[ 2016-08-17T14:14:30+08:00 ] ::1 /monitor/index.php/Home/Index/foritems2
INFO: [ app_init ] --START--
INFO: Run Behavior\BuildLiteBehavior [ RunTime:0.000035s ]
INFO: [ app_init ] --END-- [ RunTime:0.000212s ]
INFO: [ app_begin ] --START--
INFO: Run Behavior\ReadHtmlCacheBehavior [ RunTime:0.000098s ]
INFO: [ app_begin ] --END-- [ RunTime:0.000305s ]
SQL: select * from cont_conf order by item_id [ RunTime:0.0002s ]
SQL: select item1_conf.id as item1_id,item1_conf.item1_num,item1_conf.item1_title,item1_chan,item2_conf.id,item2_conf.item2_title,item2_conf.item2_num,item2_chan from item1_conf left join item2_conf on item2_conf.item1_num=item1_conf.item1_num order by item1_conf.item1_num asc,item2_conf.item2_num asc [ RunTime:0.0002s ]
NOTIC: [8] Undefined offset: 5 /var/www/html/monitor/Application/Home/Controller/IndexController.class.php 第 15 行.
NOTIC: [8] Undefined variable: items2 /var/www/html/monitor/Application/Home/Controller/IndexController.class.php 第 36 行.
NOTIC: [8] Undefined offset: 4 /var/www/html/monitor/Application/Home/Controller/IndexController.class.php 第 36 行.

[ 2016-08-17T14:14:33+08:00 ] ::1 /monitor/index.php/Home/Index/foritems2
INFO: [ app_init ] --START--
INFO: Run Behavior\BuildLiteBehavior [ RunTime:0.000017s ]
INFO: [ app_init ] --END-- [ RunTime:0.000113s ]
INFO: [ app_begin ] --START--
INFO: Run Behavior\ReadHtmlCacheBehavior [ RunTime:0.000042s ]
INFO: [ app_begin ] --END-- [ RunTime:0.000103s ]
SQL: select * from cont_conf order by item_id [ RunTime:0.0002s ]
SQL: select item1_conf.id as item1_id,item1_conf.item1_num,item1_conf.item1_title,item1_chan,item2_conf.id,item2_conf.item2_title,item2_conf.item2_num,item2_chan from item1_conf left join item2_conf on item2_conf.item1_num=item1_conf.item1_num order by item1_conf.item1_num asc,item2_conf.item2_num asc [ RunTime:0.0002s ]
NOTIC: [8] Undefined offset: 5 /var/www/html/monitor/Application/Home/Controller/IndexController.class.php 第 15 行.
NOTIC: [8] Undefined variable: items2 /var/www/html/monitor/Application/Home/Controller/IndexController.class.php 第 36 行.
NOTIC: [8] Undefined offset: 4 /var/www/html/monitor/Application/Home/Controller/IndexController.class.php 第 36 行.
NOTIC: [8] Undefined offset: 1 /var/www/html/monitor/Application/Home/Controller/IndexController.class.php 第 113 行.
NOTIC: [8] Undefined offset: 7 /var/www/html/monitor/Application/Home/Controller/IndexController.class.php 第 133 行.
NOTIC: [8] Undefined variable: datafrom /var/www/html/monitor/Application/Home/Controller/IndexController.class.php 第 136 行.
NOTIC: [8] Undefined variable: tbbody /var/www/html/monitor/Application/Home/Controller/IndexController.class.php 第 136 行.
NOTIC: [8] Undefined offset: 13 /var/www/html/monitor/Application/Home/Controller/IndexController.class.php 第 123 行.
NOTIC: [8] Undefined offset: 4 /var/www/html/monitor/Application/Home/Controller/IndexController.class.php 第 113 行.
NOTIC: [8] Undefined offset: 6 /var/www/html/monitor/Application/Home/Controller/IndexController.class.php 第 133 行.
NOTIC: [8] Undefined offset: 6 /var/www/html/monitor/Application/Home/Controller/IndexController.class.php 第 123 行.

[ 2016-08-17T14:14:35+08:00 ] ::1 /monitor/index.php/Home/Index/foritems2
INFO: [ app_init ] --START--
INFO: Run Behavior\BuildLiteBehavior [ RunTime:0.000031s ]
INFO: [ app_init ] --END-- [ RunTime:0.000207s ]
INFO: [ app_begin ] --START--
INFO: Run Behavior\ReadHtmlCacheBehavior [ RunTime:0.000115s ]
INFO: [ app_begin ] --END-- [ RunTime:0.000234s ]
SQL: select * from cont_conf order by item_id [ RunTime:0.0002s ]
SQL: select item1_conf.id as item1_id,item1_conf.item1_num,item1_conf.item1_title,item1_chan,item2_conf.id,item2_conf.item2_title,item2_conf.item2_num,item2_chan from item1_conf left join item2_conf on item2_conf.item1_num=item1_conf.item1_num order by item1_conf.item1_num asc,item2_conf.item2_num asc [ RunTime:0.0001s ]
NOTIC: [8] Undefined offset: 5 /var/www/html/monitor/Application/Home/Controller/IndexController.class.php 第 15 行.
NOTIC: [8] Undefined variable: items2 /var/www/html/monitor/Application/Home/Controller/IndexController.class.php 第 36 行.
NOTIC: [8] Undefined offset: 4 /var/www/html/monitor/Application/Home/Controller/IndexController.class.php 第 36 行.
NOTIC: [8] Undefined variable: select /var/www/html/monitor/Application/Home/Controller/IndexController.class.php 第 285 行.
NOTIC: [8] Undefined variable: data /var/www/html/monitor/Application/Home/Controller/IndexController.class.php 第 302 行.
NOTIC: [8] Undefined variable: data /var/www/html/monitor/Application/Home/Controller/IndexController.class.php 第 303 行.
NOTIC: [2] Invalid argument supplied for foreach() /var/www/html/monitor/Application/Home/Controller/IndexController.class.php 第 303 行.

[ 2016-08-17T14:34:00+08:00 ] ::1 /monitor/index.php/Home/Index/index
INFO: [ app_init ] --START--
INFO: Run Behavior\BuildLiteBehavior [ RunTime:0.000021s ]
INFO: [ app_init ] --END-- [ RunTime:0.000611s ]
INFO: [ app_begin ] --START--
INFO: Run Behavior\ReadHtmlCacheBehavior [ RunTime:0.000526s ]
INFO: [ app_begin ] --END-- [ RunTime:0.000590s ]
SQL: select * from cont_conf order by item_id [ RunTime:0.0002s ]
SQL: select item1_conf.id as item1_id,item1_conf.item1_num,item1_conf.item1_title,item1_chan,item2_conf.id,item2_conf.item2_title,item2_conf.item2_num,item2_chan from item1_conf left join item2_conf on item2_conf.item1_num=item1_conf.item1_num order by item1_conf.item1_num asc,item2_conf.item2_num asc [ RunTime:0.0001s ]
NOTIC: [8] Undefined offset: 5 /var/www/html/monitor/Application/Home/Controller/IndexController.class.php 第 15 行.
NOTIC: [8] Undefined variable: items2 /var/www/html/monitor/Application/Home/Controller/IndexController.class.php 第 36 行.
NOTIC: [8] Undefined offset: 4 /var/www/html/monitor/Application/Home/Controller/IndexController.class.php 第 36 行.
INFO: [ view_parse ] --START--
INFO: [ template_filter ] --START--
INFO: Run Behavior\ContentReplaceBehavior [ RunTime:0.000080s ]
INFO: [ template_filter ] --END-- [ RunTime:0.000135s ]
NOTIC: [8] Undefined offset: 1 /var/www/html/monitor/Application/Runtime/Cache/Home/2a94b8bda04ff446dcedd42276fc99ee.php 第 249 行.
NOTIC: [8] Undefined offset: 4 /var/www/html/monitor/Application/Runtime/Cache/Home/2a94b8bda04ff446dcedd42276fc99ee.php 第 249 行.
INFO: Run Behavior\ParseTemplateBehavior [ RunTime:0.007754s ]
INFO: [ view_parse ] --END-- [ RunTime:0.007799s ]
INFO: [ view_filter ] --START--
INFO: Run Behavior\WriteHtmlCacheBehavior [ RunTime:0.000166s ]
INFO: [ view_filter ] --END-- [ RunTime:0.000207s ]
INFO: [ app_end ] --START--
INFO: Run Behavior\ShowPageTraceBehavior [ RunTime:0.000497s ]
INFO: [ app_end ] --END-- [ RunTime:0.000540s ]

